TN:
SF:C:/Users/lvhuahao/Desktop/hatUI/src/packages/Button/__test__/button.spec.js
FN:4,(anonymous_7)
FN:6,_callee
FN:10,_callee2
FNF:3
FNH:1
FNDA:1,(anonymous_7)
FNDA:0,_callee
FNDA:0,_callee2
DA:1,1
DA:2,1
DA:4,1
DA:5,1
DA:6,1
DA:7,0
DA:8,0
DA:10,1
DA:11,0
DA:12,0
DA:14,1
LF:11
LH:7
BRDA:6,0,0,0
BRDA:6,0,1,0
BRDA:6,0,2,0
BRDA:10,1,0,0
BRDA:10,1,1,0
BRDA:10,1,2,0
BRF:6
BRH:0
end_of_record
TN:
SF:C:\Users\lvhuahao\Desktop\hatUI\src\packages\Button\src\packages\Button\button.vue
FN:13,data
FN:40,clickHandler
FN:45,cls
FNF:3
FNH:2
FNDA:1,data
FNDA:0,clickHandler
FNDA:1,cls
DA:38,1
DA:42,0
DA:47,1
DA:48,1
DA:49,1
DA:50,1
LF:6
LH:5
BRDA:48,0,0,1
BRDA:48,0,1,0
BRDA:49,1,0,1
BRDA:49,1,1,0
BRF:4
BRH:2
end_of_record
TN:
SF:C:/Users/lvhuahao/Desktop/hatUI/src/packages/Icon/__test__/icon.spec.js
FN:4,(anonymous_7)
FN:6,_callee
FNF:2
FNH:1
FNDA:1,(anonymous_7)
FNDA:0,_callee
DA:1,1
DA:2,1
DA:4,1
DA:5,1
DA:6,0
DA:7,0
DA:8,0
LF:7
LH:4
BRDA:6,0,0,0
BRDA:6,0,1,0
BRDA:6,0,2,0
BRF:3
BRH:0
end_of_record
TN:
SF:C:\Users\lvhuahao\Desktop\hatUI\src\packages\Icon\src\packages\Icon\icon.vue
FN:6,data
FNF:1
FNH:0
FNDA:0,data
DA:15,0
LF:1
LH:0
BRF:0
BRH:0
end_of_record
