TN:
SF:C:/Users/huahao/Desktop/hatUI/src/packages/Icon/__test__/icon.spec.js
FN:5,(anonymous_0)
FN:7,(anonymous_1)
FNF:2
FNH:2
FNDA:1,(anonymous_0)
FNDA:1,(anonymous_1)
DA:5,1
DA:6,1
DA:7,1
DA:8,1
DA:9,1
LF:5
LH:5
BRF:0
BRH:0
end_of_record
TN:
SF:C:\Users\huahao\Desktop\hatUI\src\packages\Icon\src\packages\Icon\icon.vue
FN:15,classStyle
FNF:1
FNH:1
FNDA:2,classStyle
DA:17,2
LF:1
LH:1
BRF:0
BRH:0
end_of_record
TN:
SF:C:/Users/huahao/Desktop/hatUI/src/packages/button/__test__/button.spec.js
FN:4,(anonymous_6)
FN:6,_callee
FN:10,_callee2
FNF:3
FNH:3
FNDA:1,(anonymous_6)
FNDA:2,_callee
FNDA:2,_callee2
DA:4,1
DA:5,1
DA:6,4
DA:7,1
DA:8,1
DA:10,4
DA:11,1
DA:12,1
DA:14,1
LF:9
LH:9
BRDA:6,0,0,1
BRDA:6,0,1,1
BRDA:6,0,2,1
BRDA:10,1,0,1
BRDA:10,1,1,1
BRDA:10,1,2,1
BRF:6
BRH:6
end_of_record
TN:
SF:C:\Users\huahao\Desktop\hatUI\src\packages\button\src\packages\button\button.vue
FN:16,data
FN:46,clickHandler
FN:51,cls
FNF:3
FNH:2
FNDA:1,data
FNDA:0,clickHandler
FNDA:1,cls
DA:44,1
DA:48,0
DA:53,1
DA:54,1
DA:55,1
DA:56,1
LF:6
LH:5
BRDA:54,0,0,1
BRDA:54,0,1,0
BRDA:55,1,0,1
BRDA:55,1,1,0
BRF:4
BRH:2
end_of_record
